D:\visual stduio\MSBuild\Current\Bin\amd64\Microsoft.Common.CurrentVersion.targets(2175,5): warning MSB9008: The referenced project '..\..\FreeImage.2017.vcxproj' does not exist.
  fipImage.cpp
  fipMemoryIO.cpp
  fipMetadataFind.cpp
  fipMultiPage.cpp
  fipTag.cpp
  fipWinImage.cpp
  FreeImagePlus.cpp
D:\ASUS\Desktop\FreeImage3180Win32Win64\FreeImage\Wrapper\FreeImagePlus\src\fipImage.cpp(1,1): warning C4819: 该文件包含不能在当前代码页(936)中表示的字符。请将该文件保存为 Unicode 格式以防止数据丢失
D:\ASUS\Desktop\FreeImage3180Win32Win64\FreeImage\Wrapper\FreeImagePlus\src\fipImage.cpp(22,10): error C1083: 无法打开包括文件: “FreeImagePlus.h”: No such file or directory
D:\ASUS\Desktop\FreeImage3180Win32Win64\FreeImage\Wrapper\FreeImagePlus\src\fipMemoryIO.cpp(1,1): warning C4819: 该文件包含不能在当前代码页(936)中表示的字符。请将该文件保存为 Unicode 格式以防止数据丢失
D:\ASUS\Desktop\FreeImage3180Win32Win64\FreeImage\Wrapper\FreeImagePlus\src\fipMemoryIO.cpp(22,10): error C1083: 无法打开包括文件: “FreeImagePlus.h”: No such file or directory
D:\ASUS\Desktop\FreeImage3180Win32Win64\FreeImage\Wrapper\FreeImagePlus\src\fipMetadataFind.cpp(1,1): warning C4819: 该文件包含不能在当前代码页(936)中表示的字符。请将该文件保存为 Unicode 格式以防止数据丢失
D:\ASUS\Desktop\FreeImage3180Win32Win64\FreeImage\Wrapper\FreeImagePlus\src\fipMetadataFind.cpp(22,10): error C1083: 无法打开包括文件: “FreeImagePlus.h”: No such file or directory
D:\ASUS\Desktop\FreeImage3180Win32Win64\FreeImage\Wrapper\FreeImagePlus\src\fipMultiPage.cpp(1,1): warning C4819: 该文件包含不能在当前代码页(936)中表示的字符。请将该文件保存为 Unicode 格式以防止数据丢失
D:\ASUS\Desktop\FreeImage3180Win32Win64\FreeImage\Wrapper\FreeImagePlus\src\fipMultiPage.cpp(22,10): error C1083: 无法打开包括文件: “FreeImagePlus.h”: No such file or directory
D:\ASUS\Desktop\FreeImage3180Win32Win64\FreeImage\Wrapper\FreeImagePlus\src\fipTag.cpp(1,1): warning C4819: 该文件包含不能在当前代码页(936)中表示的字符。请将该文件保存为 Unicode 格式以防止数据丢失
D:\ASUS\Desktop\FreeImage3180Win32Win64\FreeImage\Wrapper\FreeImagePlus\src\fipTag.cpp(23,10): error C1083: 无法打开包括文件: “FreeImagePlus.h”: No such file or directory
D:\ASUS\Desktop\FreeImage3180Win32Win64\FreeImage\Wrapper\FreeImagePlus\src\fipWinImage.cpp(1,1): warning C4819: 该文件包含不能在当前代码页(936)中表示的字符。请将该文件保存为 Unicode 格式以防止数据丢失
D:\ASUS\Desktop\FreeImage3180Win32Win64\FreeImage\Wrapper\FreeImagePlus\src\fipWinImage.cpp(22,10): error C1083: 无法打开包括文件: “FreeImagePlus.h”: No such file or directory
D:\ASUS\Desktop\FreeImage3180Win32Win64\FreeImage\Wrapper\FreeImagePlus\src\FreeImagePlus.cpp(1,1): warning C4819: 该文件包含不能在当前代码页(936)中表示的字符。请将该文件保存为 Unicode 格式以防止数据丢失
D:\ASUS\Desktop\FreeImage3180Win32Win64\FreeImage\Wrapper\FreeImagePlus\src\FreeImagePlus.cpp(26,10): error C1083: 无法打开包括文件: “FreeImagePlus.h”: No such file or directory
  正在生成代码...
